[debug] [2021-03-08T05:24:32.818Z] ----------------------------------------------------------------------
[debug] [2021-03-08T05:24:32.820Z] Command:       E:\node.exe C:\Users\Aaron\AppData\Roaming\npm\node_modules\firebase-tools\lib\bin\firebase.js init
[debug] [2021-03-08T05:24:32.821Z] CLI Version:   9.5.0
[debug] [2021-03-08T05:24:32.821Z] Platform:      win32
[debug] [2021-03-08T05:24:32.821Z] Node Version:  v14.15.4
[debug] [2021-03-08T05:24:32.822Z] Time:          Sun Mar 07 2021 21:24:32 GMT-0800 (Pacific Standard Time)
[debug] [2021-03-08T05:24:32.822Z] ----------------------------------------------------------------------
[debug] [2021-03-08T05:24:32.822Z] 
[debug] [2021-03-08T05:24:32.827Z] > command requires scopes: ["email","openid","https://www.googleapis.com/auth/cloudplatformprojects.readonly","https://www.googleapis.com/auth/firebase","https://www.googleapis.com/auth/cloud-platform"]
[debug] [2021-03-08T05:24:32.827Z] > authorizing via signed-in user
[info] 
     ######## #### ########  ######## ########     ###     ######  ########
     ##        ##  ##     ## ##       ##     ##  ##   ##  ##       ##
     ######    ##  ########  ######   ########  #########  ######  ######
     ##        ##  ##    ##  ##       ##     ## ##     ##       ## ##
     ##       #### ##     ## ######## ########  ##     ##  ######  ########

You're about to initialize a Firebase project in this directory:

  C:\Users\Aaron\Documents\School\INFO340\project-2-a9

[info] 
=== Project Setup
[info] 
[info] First, let's associate this project directory with a Firebase project.
[info] You can create multiple project aliases by running firebase use --add, 
[info] but for now we'll just set up a default project.
[info] 
